============================================================================================== 
Warning! Mixing Conda and module environments may lead to corruption of the
user environment. 
We do not recommend users mixing those two environments unless absolutely
necessary. Note that 
SURF does not provide any support for Conda environment.
For more information, please refer to our software policy page:
https://servicedesk.surf.nl/wiki/display/WIKI/Software+policy+Snellius#SoftwarepolicySnellius-UseofAnacondaandMinicondaenvironmentsonSnellius 

Remember that many packages have already been installed on the system and can
be loaded using 
the 'module load <package__name>' command. If you are uncertain if a package is
already available 
on the system, please use 'module avail' or 'module spider' to search for it.
============================================================================================== 
Failed to load image Python extension: '/gpfs/home2/rvdveen/.conda/envs/fact2/lib/python3.11/site-packages/torchvision/image.so: undefined symbol: _ZN3c1017RegisterOperatorsD1Ev'If you don't plan on using image functionality from `torchvision.io`, you can ignore this warning. Otherwise, there might be something wrong with your environment. Did you have `libjpeg` or `libpng` installed before building `torchvision` from source?
The torchvision.datapoints and torchvision.transforms.v2 namespaces are still Beta. While we do not expect major breaking changes, some APIs may still change according to user feedback. Please submit any feedback you may have in this issue: https://github.com/pytorch/vision/issues/6753, and you can also check out https://github.com/pytorch/vision/issues/7319 to learn more about the APIs that we suspect might involve future changes. You can silence this warning by calling torchvision.disable_beta_transforms_warning().
The torchvision.datapoints and torchvision.transforms.v2 namespaces are still Beta. While we do not expect major breaking changes, some APIs may still change according to user feedback. Please submit any feedback you may have in this issue: https://github.com/pytorch/vision/issues/6753, and you can also check out https://github.com/pytorch/vision/issues/7319 to learn more about the APIs that we suspect might involve future changes. You can silence this warning by calling torchvision.disable_beta_transforms_warning().
23:57:48 [shap] [92mINFO    [0m: Cuda is available: True
23:57:49 [shap] [92mINFO    [0m: Args: Namespace(c_task='comve', model_name='phi4', number_of_samples=1, explainer_type='partition', max_evaluations=500, sen_sim_thres=0.5, classify_pred=False, result_dir='results_json')
Loading checkpoint shards:   0%|          | 0/6 [00:00<?, ?it/s]Loading checkpoint shards:  17%|█▋        | 1/6 [00:02<00:12,  2.46s/it]Loading checkpoint shards:  33%|███▎      | 2/6 [00:05<00:10,  2.55s/it]Loading checkpoint shards:  50%|█████     | 3/6 [00:07<00:07,  2.48s/it]Loading checkpoint shards:  67%|██████▋   | 4/6 [00:09<00:04,  2.37s/it]Loading checkpoint shards:  83%|████████▎ | 5/6 [00:11<00:02,  2.17s/it]Loading checkpoint shards: 100%|██████████| 6/6 [00:13<00:00,  2.10s/it]Loading checkpoint shards: 100%|██████████| 6/6 [00:13<00:00,  2.24s/it]
23:58:03 [shap] [92mINFO    [0m: Done loading model and tokenizer. Time elapsed: 0:00:14.273587
23:58:03 [shap] [92mINFO    [0m: Using the shap.explainers.Partition() explainer
23:58:03 [shap] [92mINFO    [0m: Preparing data...
23:58:03 [shap] [92mINFO    [0m: Done preparing data. Running test...
23:58:03 [shap] [92mINFO    [0m: Example 0
srun: Job step aborted: Waiting up to 32 seconds for job step to finish.
slurmstepd: error: *** STEP 9637888.0 ON gcn2 CANCELLED AT 2025-01-28T00:11:19 ***
slurmstepd: error: *** JOB 9637888 ON gcn2 CANCELLED AT 2025-01-28T00:11:19 ***

JOB STATISTICS
==============
Job ID: 9637888
Cluster: snellius
User/Group: rvdveen/rvdveen
State: CANCELLED (exit code 0)
Nodes: 1
Cores per node: 9
CPU Utilized: 00:14:26
CPU Efficiency: 11.57% of 02:04:48 core-walltime
Job Wall-clock time: 00:13:52
Memory Utilized: 13.12 GB
Memory Efficiency: 21.87% of 60.00 GB
