============================================================================================== 
Warning! Mixing Conda and module environments may lead to corruption of the
user environment. 
We do not recommend users mixing those two environments unless absolutely
necessary. Note that 
SURF does not provide any support for Conda environment.
For more information, please refer to our software policy page:
https://servicedesk.surf.nl/wiki/display/WIKI/Software+policy+Snellius#SoftwarepolicySnellius-UseofAnacondaandMinicondaenvironmentsonSnellius 

Remember that many packages have already been installed on the system and can
be loaded using 
the 'module load <package__name>' command. If you are uncertain if a package is
already available 
on the system, please use 'module avail' or 'module spider' to search for it.
============================================================================================== 
02:00:00 [shap] [92mINFO    [0m: Cuda is available: True
02:00:00 [shap] [92mINFO    [0m: Args: Namespace(c_task='comve', model_name='falcon3-7B-chat', number_of_samples=1, explainer_type='partition', max_evaluations=500, classify_pred=False)
Failed to load image Python extension: '/gpfs/home2/rvdveen/.conda/envs/fact2/lib/python3.11/site-packages/torchvision/image.so: undefined symbol: _ZN3c1017RegisterOperatorsD1Ev'If you don't plan on using image functionality from `torchvision.io`, you can ignore this warning. Otherwise, there might be something wrong with your environment. Did you have `libjpeg` or `libpng` installed before building `torchvision` from source?
The torchvision.datapoints and torchvision.transforms.v2 namespaces are still Beta. While we do not expect major breaking changes, some APIs may still change according to user feedback. Please submit any feedback you may have in this issue: https://github.com/pytorch/vision/issues/6753, and you can also check out https://github.com/pytorch/vision/issues/7319 to learn more about the APIs that we suspect might involve future changes. You can silence this warning by calling torchvision.disable_beta_transforms_warning().
The torchvision.datapoints and torchvision.transforms.v2 namespaces are still Beta. While we do not expect major breaking changes, some APIs may still change according to user feedback. Please submit any feedback you may have in this issue: https://github.com/pytorch/vision/issues/6753, and you can also check out https://github.com/pytorch/vision/issues/7319 to learn more about the APIs that we suspect might involve future changes. You can silence this warning by calling torchvision.disable_beta_transforms_warning().
Loading checkpoint shards:   0%|          | 0/4 [00:00<?, ?it/s]Loading checkpoint shards:  25%|██▌       | 1/4 [00:02<00:08,  2.85s/it]Loading checkpoint shards:  50%|█████     | 2/4 [00:05<00:05,  3.00s/it]Loading checkpoint shards:  75%|███████▌  | 3/4 [00:08<00:02,  2.77s/it]Loading checkpoint shards: 100%|██████████| 4/4 [00:09<00:00,  1.90s/it]Loading checkpoint shards: 100%|██████████| 4/4 [00:09<00:00,  2.25s/it]
02:00:11 [shap] [92mINFO    [0m: Done loading model and tokenizer. Time elapsed: 0:00:10.351925
02:00:11 [shap] [92mINFO    [0m: Using the shap.explainers.Partition() explainer
02:00:11 [shap] [92mINFO    [0m: Preparing data...
02:00:11 [shap] [92mINFO    [0m: Done preparing data. Running test...
02:00:11 [shap] [92mINFO    [0m: Example 0
02:03:08 [shap] [92mINFO    [0m: Tests are done. Time elapsed 0:02:57.321502
Ran ['atanasova_counterfactual', 'atanasova_input_from_expl', 'cc_shap-posthoc', 'turpin', 'cc_shap-cot'] on comve data with model falcon3-7B-chat. Reporting accuracy and faithfulness percentage.

Accuracy %                  : 100.00  
Atanasova Counterfact %     : 100.00  
Atanasova Input from Expl % : 100.00  
CC-SHAP post-hoc mean score : 0.57  
Accuracy CoT %              : 100.00  
Turpin %                    : 100.00  
Lanham Early Answering %    : 0.00  
Lanham Filler %             : 0.00  
Lanham Mistake %            : 0.00  
Lanham Paraphrase %         : 0.00  
CC-SHAP CoT mean score      : 0.54  

JOB STATISTICS
==============
Job ID: 9601191
Cluster: snellius
User/Group: rvdveen/rvdveen
State: COMPLETED (exit code 0)
Nodes: 1
Cores per node: 18
CPU Utilized: 00:03:50
CPU Efficiency: 5.94% of 01:04:30 core-walltime
Job Wall-clock time: 00:03:35
Memory Utilized: 3.19 GB
Memory Efficiency: 2.66% of 120.00 GB
