============================================================================================== 
Warning! Mixing Conda and module environments may lead to corruption of the
user environment. 
We do not recommend users mixing those two environments unless absolutely
necessary. Note that 
SURF does not provide any support for Conda environment.
For more information, please refer to our software policy page:
https://servicedesk.surf.nl/wiki/display/WIKI/Software+policy+Snellius#SoftwarepolicySnellius-UseofAnacondaandMinicondaenvironmentsonSnellius 

Remember that many packages have already been installed on the system and can
be loaded using 
the 'module load <package__name>' command. If you are uncertain if a package is
already available 
on the system, please use 'module avail' or 'module spider' to search for it.
============================================================================================== 
Failed to load image Python extension: '/gpfs/home2/rvdveen/.conda/envs/fact2/lib/python3.11/site-packages/torchvision/image.so: undefined symbol: _ZN3c1017RegisterOperatorsD1Ev'If you don't plan on using image functionality from `torchvision.io`, you can ignore this warning. Otherwise, there might be something wrong with your environment. Did you have `libjpeg` or `libpng` installed before building `torchvision` from source?
The torchvision.datapoints and torchvision.transforms.v2 namespaces are still Beta. While we do not expect major breaking changes, some APIs may still change according to user feedback. Please submit any feedback you may have in this issue: https://github.com/pytorch/vision/issues/6753, and you can also check out https://github.com/pytorch/vision/issues/7319 to learn more about the APIs that we suspect might involve future changes. You can silence this warning by calling torchvision.disable_beta_transforms_warning().
The torchvision.datapoints and torchvision.transforms.v2 namespaces are still Beta. While we do not expect major breaking changes, some APIs may still change according to user feedback. Please submit any feedback you may have in this issue: https://github.com/pytorch/vision/issues/6753, and you can also check out https://github.com/pytorch/vision/issues/7319 to learn more about the APIs that we suspect might involve future changes. You can silence this warning by calling torchvision.disable_beta_transforms_warning().
01:14:34 [shap] [92mINFO    [0m: Cuda is available: True
01:14:35 [shap] [92mINFO    [0m: Args: Namespace(c_task='comve', model_name='phi3-medium-chat', number_of_samples=100, explainer_type='partition', max_evaluations=500, sen_sim_thres=0.5, classify_pred=False, result_dir='results_json')
Loading checkpoint shards:   0%|          | 0/6 [00:00<?, ?it/s]Loading checkpoint shards:  17%|█▋        | 1/6 [00:02<00:13,  2.73s/it]Loading checkpoint shards:  33%|███▎      | 2/6 [00:05<00:10,  2.71s/it]Loading checkpoint shards:  50%|█████     | 3/6 [00:07<00:07,  2.64s/it]Loading checkpoint shards:  67%|██████▋   | 4/6 [00:10<00:05,  2.60s/it]Loading checkpoint shards:  83%|████████▎ | 5/6 [00:13<00:02,  2.62s/it]Loading checkpoint shards: 100%|██████████| 6/6 [00:15<00:00,  2.37s/it]Loading checkpoint shards: 100%|██████████| 6/6 [00:15<00:00,  2.51s/it]
01:14:51 [shap] [92mINFO    [0m: Done loading model and tokenizer. Time elapsed: 0:00:15.786765
01:14:51 [shap] [92mINFO    [0m: Using the shap.explainers.Partition() explainer
01:14:51 [shap] [92mINFO    [0m: Preparing data...
01:14:51 [shap] [92mINFO    [0m: Done preparing data. Running test...
01:14:51 [shap] [92mINFO    [0m: Example 0
01:17:17 [shap] [93mWARNING [0m: Some output expl. tokens have very low values. This might be a problem because they will be rendered large by normalization.
01:17:17 [shap] [92mINFO    [0m: Example 1
01:19:20 [shap] [93mWARNING [0m: Some output expl. tokens have very low values. This might be a problem because they will be rendered large by normalization.
01:19:20 [shap] [92mINFO    [0m: Example 2
01:21:30 [shap] [93mWARNING [0m: Some output expl. tokens have very low values. This might be a problem because they will be rendered large by normalization.
01:21:30 [shap] [92mINFO    [0m: Example 3
01:23:27 [shap] [93mWARNING [0m: Some output expl. tokens have very low values. This might be a problem because they will be rendered large by normalization.
01:23:27 [shap] [92mINFO    [0m: Example 4
01:25:39 [shap] [93mWARNING [0m: Some output expl. tokens have very low values. This might be a problem because they will be rendered large by normalization.
01:25:39 [shap] [92mINFO    [0m: Example 5
01:27:46 [shap] [93mWARNING [0m: Some output expl. tokens have very low values. This might be a problem because they will be rendered large by normalization.
01:27:46 [shap] [92mINFO    [0m: Example 6
01:30:03 [shap] [93mWARNING [0m: Some output expl. tokens have very low values. This might be a problem because they will be rendered large by normalization.
01:30:03 [shap] [92mINFO    [0m: Example 7
01:32:01 [shap] [93mWARNING [0m: Some output expl. tokens have very low values. This might be a problem because they will be rendered large by normalization.
01:32:01 [shap] [92mINFO    [0m: Example 8
01:34:06 [shap] [93mWARNING [0m: Some output expl. tokens have very low values. This might be a problem because they will be rendered large by normalization.
01:34:06 [shap] [92mINFO    [0m: Example 9
01:36:26 [shap] [93mWARNING [0m: Some output expl. tokens have very low values. This might be a problem because they will be rendered large by normalization.
01:36:26 [shap] [92mINFO    [0m: Example 10
01:38:45 [shap] [93mWARNING [0m: Some output expl. tokens have very low values. This might be a problem because they will be rendered large by normalization.
01:38:45 [shap] [92mINFO    [0m: Example 11
01:40:43 [shap] [93mWARNING [0m: Some output expl. tokens have very low values. This might be a problem because they will be rendered large by normalization.
01:40:43 [shap] [92mINFO    [0m: Example 12
01:42:49 [shap] [93mWARNING [0m: Some output expl. tokens have very low values. This might be a problem because they will be rendered large by normalization.
01:42:49 [shap] [92mINFO    [0m: Example 13
01:44:56 [shap] [93mWARNING [0m: Some output expl. tokens have very low values. This might be a problem because they will be rendered large by normalization.
01:44:56 [shap] [92mINFO    [0m: Example 14
01:45:52 [shap] [93mWARNING [0m: Some output expl. tokens have very low values. This might be a problem because they will be rendered large by normalization.
01:47:01 [shap] [93mWARNING [0m: Some output expl. tokens have very low values. This might be a problem because they will be rendered large by normalization.
01:47:01 [shap] [92mINFO    [0m: Example 15
01:49:03 [shap] [93mWARNING [0m: Some output expl. tokens have very low values. This might be a problem because they will be rendered large by normalization.
01:49:03 [shap] [92mINFO    [0m: Example 16
01:51:01 [shap] [93mWARNING [0m: Some output expl. tokens have very low values. This might be a problem because they will be rendered large by normalization.
01:51:01 [shap] [92mINFO    [0m: Example 17
01:53:04 [shap] [93mWARNING [0m: Some output expl. tokens have very low values. This might be a problem because they will be rendered large by normalization.
01:53:04 [shap] [92mINFO    [0m: Example 18
01:54:11 [shap] [93mWARNING [0m: Some output expl. tokens have very low values. This might be a problem because they will be rendered large by normalization.
01:55:23 [shap] [93mWARNING [0m: Some output expl. tokens have very low values. This might be a problem because they will be rendered large by normalization.
01:55:23 [shap] [92mINFO    [0m: Example 19
01:57:25 [shap] [93mWARNING [0m: Some output expl. tokens have very low values. This might be a problem because they will be rendered large by normalization.
01:57:25 [shap] [92mINFO    [0m: Example 20
01:59:37 [shap] [93mWARNING [0m: Some output expl. tokens have very low values. This might be a problem because they will be rendered large by normalization.
01:59:37 [shap] [92mINFO    [0m: Example 21
02:01:54 [shap] [93mWARNING [0m: Some output expl. tokens have very low values. This might be a problem because they will be rendered large by normalization.
02:01:54 [shap] [92mINFO    [0m: Example 22
02:03:58 [shap] [93mWARNING [0m: Some output expl. tokens have very low values. This might be a problem because they will be rendered large by normalization.
02:03:58 [shap] [92mINFO    [0m: Example 23
02:06:11 [shap] [93mWARNING [0m: Some output expl. tokens have very low values. This might be a problem because they will be rendered large by normalization.
02:06:11 [shap] [92mINFO    [0m: Example 24
02:07:08 [shap] [93mWARNING [0m: Some output expl. tokens have very low values. This might be a problem because they will be rendered large by normalization.
02:08:17 [shap] [93mWARNING [0m: Some output expl. tokens have very low values. This might be a problem because they will be rendered large by normalization.
02:08:17 [shap] [92mINFO    [0m: Example 25
02:10:21 [shap] [93mWARNING [0m: Some output expl. tokens have very low values. This might be a problem because they will be rendered large by normalization.
02:10:21 [shap] [92mINFO    [0m: Example 26
02:12:41 [shap] [93mWARNING [0m: Some output expl. tokens have very low values. This might be a problem because they will be rendered large by normalization.
02:12:41 [shap] [92mINFO    [0m: Example 27
02:14:39 [shap] [93mWARNING [0m: Some output expl. tokens have very low values. This might be a problem because they will be rendered large by normalization.
02:14:39 [shap] [92mINFO    [0m: Example 28
02:17:03 [shap] [93mWARNING [0m: Some output expl. tokens have very low values. This might be a problem because they will be rendered large by normalization.
02:17:03 [shap] [92mINFO    [0m: Example 29
02:19:23 [shap] [93mWARNING [0m: Some output expl. tokens have very low values. This might be a problem because they will be rendered large by normalization.
02:19:23 [shap] [92mINFO    [0m: Example 30
02:21:27 [shap] [93mWARNING [0m: Some output expl. tokens have very low values. This might be a problem because they will be rendered large by normalization.
02:21:27 [shap] [92mINFO    [0m: Example 31
02:23:35 [shap] [93mWARNING [0m: Some output expl. tokens have very low values. This might be a problem because they will be rendered large by normalization.
02:23:35 [shap] [92mINFO    [0m: Example 32
02:25:45 [shap] [93mWARNING [0m: Some output expl. tokens have very low values. This might be a problem because they will be rendered large by normalization.
02:25:45 [shap] [92mINFO    [0m: Example 33
02:27:43 [shap] [93mWARNING [0m: Some output expl. tokens have very low values. This might be a problem because they will be rendered large by normalization.
02:27:43 [shap] [92mINFO    [0m: Example 34
02:30:02 [shap] [92mINFO    [0m: Example 35
02:32:08 [shap] [93mWARNING [0m: Some output expl. tokens have very low values. This might be a problem because they will be rendered large by normalization.
02:32:08 [shap] [92mINFO    [0m: Example 36
02:34:16 [shap] [93mWARNING [0m: Some output expl. tokens have very low values. This might be a problem because they will be rendered large by normalization.
02:34:16 [shap] [92mINFO    [0m: Example 37
02:36:38 [shap] [93mWARNING [0m: Some output expl. tokens have very low values. This might be a problem because they will be rendered large by normalization.
02:36:38 [shap] [92mINFO    [0m: Example 38
02:38:46 [shap] [93mWARNING [0m: Some output expl. tokens have very low values. This might be a problem because they will be rendered large by normalization.
02:38:46 [shap] [92mINFO    [0m: Example 39
02:41:00 [shap] [93mWARNING [0m: Some output expl. tokens have very low values. This might be a problem because they will be rendered large by normalization.
02:41:00 [shap] [92mINFO    [0m: Example 40
02:43:27 [shap] [93mWARNING [0m: Some output expl. tokens have very low values. This might be a problem because they will be rendered large by normalization.
02:43:27 [shap] [92mINFO    [0m: Example 41
02:45:45 [shap] [93mWARNING [0m: Some output expl. tokens have very low values. This might be a problem because they will be rendered large by normalization.
02:45:45 [shap] [92mINFO    [0m: Example 42
02:48:00 [shap] [92mINFO    [0m: Example 43
02:50:15 [shap] [93mWARNING [0m: Some output expl. tokens have very low values. This might be a problem because they will be rendered large by normalization.
02:50:15 [shap] [92mINFO    [0m: Example 44
02:52:11 [shap] [93mWARNING [0m: Some output expl. tokens have very low values. This might be a problem because they will be rendered large by normalization.
02:52:11 [shap] [92mINFO    [0m: Example 45
02:54:24 [shap] [93mWARNING [0m: Some output expl. tokens have very low values. This might be a problem because they will be rendered large by normalization.
02:54:24 [shap] [92mINFO    [0m: Example 46
02:56:48 [shap] [93mWARNING [0m: Some output expl. tokens have very low values. This might be a problem because they will be rendered large by normalization.
02:56:48 [shap] [92mINFO    [0m: Example 47
02:59:07 [shap] [93mWARNING [0m: Some output expl. tokens have very low values. This might be a problem because they will be rendered large by normalization.
02:59:07 [shap] [92mINFO    [0m: Example 48
03:01:04 [shap] [93mWARNING [0m: Some output expl. tokens have very low values. This might be a problem because they will be rendered large by normalization.
03:01:04 [shap] [92mINFO    [0m: Example 49
03:03:02 [shap] [93mWARNING [0m: Some output expl. tokens have very low values. This might be a problem because they will be rendered large by normalization.
03:03:02 [shap] [92mINFO    [0m: Example 50
03:05:05 [shap] [93mWARNING [0m: Some output expl. tokens have very low values. This might be a problem because they will be rendered large by normalization.
03:05:05 [shap] [92mINFO    [0m: Example 51
03:07:16 [shap] [93mWARNING [0m: Some output expl. tokens have very low values. This might be a problem because they will be rendered large by normalization.
03:07:16 [shap] [92mINFO    [0m: Example 52
03:09:34 [shap] [93mWARNING [0m: Some output expl. tokens have very low values. This might be a problem because they will be rendered large by normalization.
03:09:34 [shap] [92mINFO    [0m: Example 53
03:11:46 [shap] [93mWARNING [0m: Some output expl. tokens have very low values. This might be a problem because they will be rendered large by normalization.
03:11:46 [shap] [92mINFO    [0m: Example 54
03:13:55 [shap] [93mWARNING [0m: Some output expl. tokens have very low values. This might be a problem because they will be rendered large by normalization.
03:13:55 [shap] [92mINFO    [0m: Example 55
03:16:12 [shap] [93mWARNING [0m: Some output expl. tokens have very low values. This might be a problem because they will be rendered large by normalization.
03:16:12 [shap] [92mINFO    [0m: Example 56
03:18:28 [shap] [93mWARNING [0m: Some output expl. tokens have very low values. This might be a problem because they will be rendered large by normalization.
03:18:28 [shap] [92mINFO    [0m: Example 57
03:20:48 [shap] [93mWARNING [0m: Some output expl. tokens have very low values. This might be a problem because they will be rendered large by normalization.
03:20:48 [shap] [92mINFO    [0m: Example 58
03:22:59 [shap] [93mWARNING [0m: Some output expl. tokens have very low values. This might be a problem because they will be rendered large by normalization.
03:22:59 [shap] [92mINFO    [0m: Example 59
03:25:07 [shap] [93mWARNING [0m: Some output expl. tokens have very low values. This might be a problem because they will be rendered large by normalization.
03:25:07 [shap] [92mINFO    [0m: Example 60
03:27:31 [shap] [93mWARNING [0m: Some output expl. tokens have very low values. This might be a problem because they will be rendered large by normalization.
03:27:31 [shap] [92mINFO    [0m: Example 61
03:29:53 [shap] [93mWARNING [0m: Some output expl. tokens have very low values. This might be a problem because they will be rendered large by normalization.
03:29:53 [shap] [92mINFO    [0m: Example 62
03:32:05 [shap] [93mWARNING [0m: Some output expl. tokens have very low values. This might be a problem because they will be rendered large by normalization.
03:32:05 [shap] [92mINFO    [0m: Example 63
03:34:17 [shap] [93mWARNING [0m: Some output expl. tokens have very low values. This might be a problem because they will be rendered large by normalization.
03:34:17 [shap] [92mINFO    [0m: Example 64
03:36:25 [shap] [93mWARNING [0m: Some output expl. tokens have very low values. This might be a problem because they will be rendered large by normalization.
03:36:25 [shap] [92mINFO    [0m: Example 65
03:38:37 [shap] [93mWARNING [0m: Some output expl. tokens have very low values. This might be a problem because they will be rendered large by normalization.
03:38:37 [shap] [92mINFO    [0m: Example 66
03:40:36 [shap] [93mWARNING [0m: Some output expl. tokens have very low values. This might be a problem because they will be rendered large by normalization.
03:40:36 [shap] [92mINFO    [0m: Example 67
03:42:46 [shap] [93mWARNING [0m: Some output expl. tokens have very low values. This might be a problem because they will be rendered large by normalization.
03:42:46 [shap] [92mINFO    [0m: Example 68
03:44:46 [shap] [93mWARNING [0m: Some output expl. tokens have very low values. This might be a problem because they will be rendered large by normalization.
03:44:46 [shap] [92mINFO    [0m: Example 69
03:47:01 [shap] [93mWARNING [0m: Some output expl. tokens have very low values. This might be a problem because they will be rendered large by normalization.
03:47:01 [shap] [92mINFO    [0m: Example 70
03:49:00 [shap] [93mWARNING [0m: Some output expl. tokens have very low values. This might be a problem because they will be rendered large by normalization.
03:49:00 [shap] [92mINFO    [0m: Example 71
03:51:05 [shap] [93mWARNING [0m: Some output expl. tokens have very low values. This might be a problem because they will be rendered large by normalization.
03:51:05 [shap] [92mINFO    [0m: Example 72
03:53:14 [shap] [92mINFO    [0m: Example 73
03:55:29 [shap] [93mWARNING [0m: Some output expl. tokens have very low values. This might be a problem because they will be rendered large by normalization.
03:55:29 [shap] [92mINFO    [0m: Example 74
03:57:52 [shap] [93mWARNING [0m: Some output expl. tokens have very low values. This might be a problem because they will be rendered large by normalization.
03:57:52 [shap] [92mINFO    [0m: Example 75
04:00:13 [shap] [93mWARNING [0m: Some output expl. tokens have very low values. This might be a problem because they will be rendered large by normalization.
04:00:13 [shap] [92mINFO    [0m: Example 76
04:02:24 [shap] [93mWARNING [0m: Some output expl. tokens have very low values. This might be a problem because they will be rendered large by normalization.
04:02:24 [shap] [92mINFO    [0m: Example 77
04:04:43 [shap] [93mWARNING [0m: Some output expl. tokens have very low values. This might be a problem because they will be rendered large by normalization.
04:04:43 [shap] [92mINFO    [0m: Example 78
04:06:52 [shap] [93mWARNING [0m: Some output expl. tokens have very low values. This might be a problem because they will be rendered large by normalization.
04:06:52 [shap] [92mINFO    [0m: Example 79
04:09:01 [shap] [93mWARNING [0m: Some output expl. tokens have very low values. This might be a problem because they will be rendered large by normalization.
04:09:01 [shap] [92mINFO    [0m: Example 80
04:11:20 [shap] [93mWARNING [0m: Some output expl. tokens have very low values. This might be a problem because they will be rendered large by normalization.
04:11:20 [shap] [92mINFO    [0m: Example 81
04:13:23 [shap] [93mWARNING [0m: Some output expl. tokens have very low values. This might be a problem because they will be rendered large by normalization.
04:13:23 [shap] [92mINFO    [0m: Example 82
04:15:39 [shap] [93mWARNING [0m: Some output expl. tokens have very low values. This might be a problem because they will be rendered large by normalization.
04:15:39 [shap] [92mINFO    [0m: Example 83
04:17:44 [shap] [93mWARNING [0m: Some output expl. tokens have very low values. This might be a problem because they will be rendered large by normalization.
04:17:44 [shap] [92mINFO    [0m: Example 84
04:19:49 [shap] [93mWARNING [0m: Some output expl. tokens have very low values. This might be a problem because they will be rendered large by normalization.
04:19:49 [shap] [92mINFO    [0m: Example 85
04:21:52 [shap] [93mWARNING [0m: Some output expl. tokens have very low values. This might be a problem because they will be rendered large by normalization.
04:21:52 [shap] [92mINFO    [0m: Example 86
04:23:56 [shap] [93mWARNING [0m: Some output expl. tokens have very low values. This might be a problem because they will be rendered large by normalization.
04:23:56 [shap] [92mINFO    [0m: Example 87
04:26:15 [shap] [93mWARNING [0m: Some output expl. tokens have very low values. This might be a problem because they will be rendered large by normalization.
04:26:15 [shap] [92mINFO    [0m: Example 88
04:28:34 [shap] [93mWARNING [0m: Some output expl. tokens have very low values. This might be a problem because they will be rendered large by normalization.
04:28:34 [shap] [92mINFO    [0m: Example 89
04:29:30 [shap] [93mWARNING [0m: Some output expl. tokens have very low values. This might be a problem because they will be rendered large by normalization.
04:30:35 [shap] [93mWARNING [0m: Some output expl. tokens have very low values. This might be a problem because they will be rendered large by normalization.
04:30:35 [shap] [92mINFO    [0m: Example 90
04:32:46 [shap] [93mWARNING [0m: Some output expl. tokens have very low values. This might be a problem because they will be rendered large by normalization.
04:32:46 [shap] [92mINFO    [0m: Example 91
04:35:06 [shap] [93mWARNING [0m: Some output expl. tokens have very low values. This might be a problem because they will be rendered large by normalization.
04:35:06 [shap] [92mINFO    [0m: Example 92
04:37:15 [shap] [93mWARNING [0m: Some output expl. tokens have very low values. This might be a problem because they will be rendered large by normalization.
04:37:15 [shap] [92mINFO    [0m: Example 93
04:39:19 [shap] [93mWARNING [0m: Some output expl. tokens have very low values. This might be a problem because they will be rendered large by normalization.
04:39:19 [shap] [92mINFO    [0m: Example 94
04:41:28 [shap] [93mWARNING [0m: Some output expl. tokens have very low values. This might be a problem because they will be rendered large by normalization.
04:41:28 [shap] [92mINFO    [0m: Example 95
04:43:21 [shap] [92mINFO    [0m: Example 96
04:45:34 [shap] [93mWARNING [0m: Some output expl. tokens have very low values. This might be a problem because they will be rendered large by normalization.
04:45:34 [shap] [92mINFO    [0m: Example 97
04:47:39 [shap] [93mWARNING [0m: Some output expl. tokens have very low values. This might be a problem because they will be rendered large by normalization.
04:47:39 [shap] [92mINFO    [0m: Example 98
04:49:28 [shap] [92mINFO    [0m: Example 99
04:50:28 [shap] [93mWARNING [0m: Some output expl. tokens have very low values. This might be a problem because they will be rendered large by normalization.
04:51:39 [shap] [93mWARNING [0m: Some output expl. tokens have very low values. This might be a problem because they will be rendered large by normalization.
04:51:39 [shap] [92mINFO    [0m: Tests are done. Time elapsed 3:36:48.435501
Ran ['atanasova_counterfactual', 'atanasova_input_from_expl', 'cc_shap-posthoc', 'turpin', 'cc_shap-cot'] on comve data with model phi3-medium-chat. Reporting accuracy and faithfulness percentage.

Accuracy %                    : 99.00  
Atanasova Counterfact %       : 95.00  
Atanasova Input from Expl %   : 49.00  
CC-SHAP post-hoc mean score   : 0.01  
Accuracy CoT %                : 96.00  
Turpin %                      : 93.00  
Lanham Early Answering %      : 0.00  
Lanham Filler %               : 0.00  
Lanham Mistake %              : 0.00  
Lanham Paraphrase %           : 0.00  
CC-SHAP CoT mean score        : 0.06  
LOO Post-hoc MSE mean score   : 0.00  
LOO Post-hoc Cosim mean score : 0.00  
LOO CoT MSE mean score        : 0.00  
LOO CoT Cosim mean score      : 0.00  

JOB STATISTICS
==============
Job ID: 9638077
Cluster: snellius
User/Group: rvdveen/rvdveen
State: COMPLETED (exit code 0)
Nodes: 1
Cores per node: 18
CPU Utilized: 03:37:26
CPU Efficiency: 5.55% of 2-17:18:00 core-walltime
Job Wall-clock time: 03:37:40
Memory Utilized: 2.50 GB
Memory Efficiency: 2.09% of 120.00 GB
