============================================================================================== 
Warning! Mixing Conda and module environments may lead to corruption of the
user environment. 
We do not recommend users mixing those two environments unless absolutely
necessary. Note that 
SURF does not provide any support for Conda environment.
For more information, please refer to our software policy page:
https://servicedesk.surf.nl/wiki/display/WIKI/Software+policy+Snellius#SoftwarepolicySnellius-UseofAnacondaandMinicondaenvironmentsonSnellius 

Remember that many packages have already been installed on the system and can
be loaded using 
the 'module load <package__name>' command. If you are uncertain if a package is
already available 
on the system, please use 'module avail' or 'module spider' to search for it.
============================================================================================== 
17:29:28 [shap] [92mINFO    [0m: Cuda is available: True
17:29:28 [shap] [92mINFO    [0m: Args: Namespace(c_task='comve', model_name='falcon-7b-chat', number_of_samples=100, explainer_type='partition', max_evaluations=500, sen_sim_thres=0.68, classify_pred=False, result_dir='loo_slow_test')
Loading checkpoint shards:   0%|          | 0/2 [00:00<?, ?it/s]Loading checkpoint shards:  50%|█████     | 1/2 [00:02<00:02,  2.34s/it]Loading checkpoint shards: 100%|██████████| 2/2 [00:03<00:00,  1.62s/it]Loading checkpoint shards: 100%|██████████| 2/2 [00:03<00:00,  1.73s/it]
The `use_auth_token` argument is deprecated and will be removed in v5 of Transformers. Please use `token` instead.
17:29:32 [shap] [92mINFO    [0m: Done loading model and tokenizer. Time elapsed: 0:00:03.996107
17:29:33 [shap] [92mINFO    [0m: Using the shap.explainers.Partition() explainer
17:29:33 [shap] [92mINFO    [0m: Preparing data...
17:29:33 [shap] [92mINFO    [0m: Done preparing data. Running test...
17:29:33 [shap] [92mINFO    [0m: Example 0
17:31:43 [shap] [92mINFO    [0m: Example 1
17:33:05 [shap] [92mINFO    [0m: Example 2
17:34:31 [shap] [92mINFO    [0m: Example 3
17:35:47 [shap] [92mINFO    [0m: Example 4
17:37:36 [shap] [92mINFO    [0m: Example 5
17:39:08 [shap] [92mINFO    [0m: Example 6
17:41:07 [shap] [92mINFO    [0m: Example 7
17:42:59 [shap] [92mINFO    [0m: Example 8
17:44:15 [shap] [92mINFO    [0m: Example 9
17:45:58 [shap] [92mINFO    [0m: Example 10
17:47:22 [shap] [92mINFO    [0m: Example 11
17:49:14 [shap] [92mINFO    [0m: Example 12
17:50:56 [shap] [92mINFO    [0m: Example 13
17:52:19 [shap] [92mINFO    [0m: Example 14
17:53:33 [shap] [92mINFO    [0m: Example 15
17:55:14 [shap] [92mINFO    [0m: Example 16
17:56:42 [shap] [92mINFO    [0m: Example 17
17:58:39 [shap] [92mINFO    [0m: Example 18
18:00:27 [shap] [92mINFO    [0m: Example 19
18:02:36 [shap] [92mINFO    [0m: Example 20
18:03:59 [shap] [92mINFO    [0m: Example 21
18:05:21 [shap] [92mINFO    [0m: Example 22
18:07:05 [shap] [92mINFO    [0m: Example 23
18:08:20 [shap] [92mINFO    [0m: Example 24
18:09:43 [shap] [92mINFO    [0m: Example 25
18:11:21 [shap] [92mINFO    [0m: Example 26
18:13:05 [shap] [92mINFO    [0m: Example 27
18:15:02 [shap] [92mINFO    [0m: Example 28
18:16:38 [shap] [92mINFO    [0m: Example 29
18:18:01 [shap] [92mINFO    [0m: Example 30
18:19:46 [shap] [92mINFO    [0m: Example 31
18:21:25 [shap] [92mINFO    [0m: Example 32
18:22:56 [shap] [92mINFO    [0m: Example 33
18:24:54 [shap] [92mINFO    [0m: Example 34
18:26:31 [shap] [92mINFO    [0m: Example 35
18:27:29 [shap] [92mINFO    [0m: Example 36
18:29:07 [shap] [92mINFO    [0m: Example 37
18:30:33 [shap] [92mINFO    [0m: Example 38
18:32:05 [shap] [92mINFO    [0m: Example 39
18:33:50 [shap] [92mINFO    [0m: Example 40
18:36:24 [shap] [92mINFO    [0m: Example 41
18:38:27 [shap] [92mINFO    [0m: Example 42
18:40:02 [shap] [92mINFO    [0m: Example 43
18:42:12 [shap] [92mINFO    [0m: Example 44
18:44:07 [shap] [92mINFO    [0m: Example 45
18:46:02 [shap] [92mINFO    [0m: Example 46
18:48:15 [shap] [92mINFO    [0m: Example 47
18:50:05 [shap] [92mINFO    [0m: Example 48
18:51:22 [shap] [92mINFO    [0m: Example 49
18:53:18 [shap] [92mINFO    [0m: Example 50
18:55:15 [shap] [92mINFO    [0m: Example 51
18:56:56 [shap] [92mINFO    [0m: Example 52
18:58:21 [shap] [92mINFO    [0m: Example 53
19:00:04 [shap] [92mINFO    [0m: Example 54
19:01:56 [shap] [92mINFO    [0m: Example 55
19:03:27 [shap] [92mINFO    [0m: Example 56
19:05:28 [shap] [92mINFO    [0m: Example 57
19:07:12 [shap] [92mINFO    [0m: Example 58
19:09:10 [shap] [92mINFO    [0m: Example 59
19:11:05 [shap] [92mINFO    [0m: Example 60
19:12:59 [shap] [92mINFO    [0m: Example 61
19:15:08 [shap] [92mINFO    [0m: Example 62
19:16:38 [shap] [92mINFO    [0m: Example 63
19:17:54 [shap] [92mINFO    [0m: Example 64
19:19:43 [shap] [92mINFO    [0m: Example 65
19:21:55 [shap] [92mINFO    [0m: Example 66
19:23:59 [shap] [92mINFO    [0m: Example 67
19:25:21 [shap] [92mINFO    [0m: Example 68
19:26:40 [shap] [92mINFO    [0m: Example 69
19:28:00 [shap] [92mINFO    [0m: Example 70
19:29:42 [shap] [92mINFO    [0m: Example 71
19:31:14 [shap] [92mINFO    [0m: Example 72
19:32:53 [shap] [92mINFO    [0m: Example 73
19:34:11 [shap] [92mINFO    [0m: Example 74
19:35:56 [shap] [92mINFO    [0m: Example 75
19:37:13 [shap] [92mINFO    [0m: Example 76
19:39:09 [shap] [92mINFO    [0m: Example 77
19:41:18 [shap] [92mINFO    [0m: Example 78
19:42:33 [shap] [92mINFO    [0m: Example 79
19:44:44 [shap] [92mINFO    [0m: Example 80
19:46:16 [shap] [92mINFO    [0m: Example 81
19:48:17 [shap] [92mINFO    [0m: Example 82
19:49:46 [shap] [92mINFO    [0m: Example 83
19:51:03 [shap] [92mINFO    [0m: Example 84
19:52:48 [shap] [92mINFO    [0m: Example 85
19:54:23 [shap] [92mINFO    [0m: Example 86
19:56:14 [shap] [92mINFO    [0m: Example 87
19:58:18 [shap] [92mINFO    [0m: Example 88
20:00:03 [shap] [92mINFO    [0m: Example 89
20:01:45 [shap] [92mINFO    [0m: Example 90
20:03:26 [shap] [92mINFO    [0m: Example 91
20:05:18 [shap] [92mINFO    [0m: Example 92
20:06:57 [shap] [92mINFO    [0m: Example 93
20:08:29 [shap] [92mINFO    [0m: Example 94
20:10:40 [shap] [92mINFO    [0m: Example 95
20:12:01 [shap] [92mINFO    [0m: Example 96
20:13:36 [shap] [92mINFO    [0m: Example 97
20:14:44 [shap] [92mINFO    [0m: Example 98
20:16:24 [shap] [92mINFO    [0m: Example 99
20:18:03 [shap] [92mINFO    [0m: Tests are done. Time elapsed 2:48:30.840694
None
Ran ['loo-posthoc-slow', 'loo-cot-slow'] on comve data with model falcon-7b-chat. Reporting accuracy and faithfulness percentage.

Accuracy %                         : 38.00  
Atanasova Counterfact %            : 0.00  
Atanasova Input from Expl %        : 0.00  
CC-SHAP post-hoc mean score        : 0.00  
Accuracy CoT %                     : 37.00  
Turpin %                           : 0.00  
Lanham Early Answering %           : 0.00  
Lanham Filler %                    : 0.00  
Lanham Mistake %                   : 0.00  
Lanham Paraphrase %                : 0.00  
CC-SHAP CoT mean score             : 0.00  
CC-SHAP CoT Alternative mean score : 0.00  
LOO Post-hoc MSE mean score        : 0.00  
LOO Post-hoc Cosim mean score      : 0.00  
LOO CoT MSE mean score             : 0.00  
LOO CoT Cosim mean score           : 0.00  
LOO slow Post-hoc MSE mean score   : 0.40  
LOO slow Post-hoc Cosim mean score : 0.20  
LOO slow CoT MSE mean score        : 0.41  
LOO slow CoT Cosim mean score      : 0.27  

JOB STATISTICS
==============
Job ID: 9677328
Cluster: snellius
User/Group: rvdveen/rvdveen
State: COMPLETED (exit code 0)
Nodes: 1
Cores per node: 18
CPU Utilized: 02:48:17
CPU Efficiency: 5.53% of 2-02:41:42 core-walltime
Job Wall-clock time: 02:48:59
Memory Utilized: 1.03 GB
Memory Efficiency: 0.86% of 120.00 GB
