============================================================================================== 
Warning! Mixing Conda and module environments may lead to corruption of the
user environment. 
We do not recommend users mixing those two environments unless absolutely
necessary. Note that 
SURF does not provide any support for Conda environment.
For more information, please refer to our software policy page:
https://servicedesk.surf.nl/wiki/display/WIKI/Software+policy+Snellius#SoftwarepolicySnellius-UseofAnacondaandMinicondaenvironmentsonSnellius 

Remember that many packages have already been installed on the system and can
be loaded using 
the 'module load <package__name>' command. If you are uncertain if a package is
already available 
on the system, please use 'module avail' or 'module spider' to search for it.
============================================================================================== 
16:57:56 [shap] [92mINFO    [0m: Cuda is available: True
16:57:56 [shap] [92mINFO    [0m: Args: Namespace(c_task='comve', model_name='falcon-7b-chat', number_of_samples=1, explainer_type='partition', max_evaluations=500, sen_sim_thres=0.68, classify_pred=False, result_dir='loo_test')
Loading checkpoint shards:   0%|          | 0/2 [00:00<?, ?it/s]Loading checkpoint shards:  50%|█████     | 1/2 [00:04<00:04,  4.87s/it]Loading checkpoint shards: 100%|██████████| 2/2 [00:07<00:00,  3.33s/it]Loading checkpoint shards: 100%|██████████| 2/2 [00:07<00:00,  3.56s/it]
The `use_auth_token` argument is deprecated and will be removed in v5 of Transformers. Please use `token` instead.
16:58:04 [shap] [92mINFO    [0m: Done loading model and tokenizer. Time elapsed: 0:00:07.729480
16:58:04 [shap] [92mINFO    [0m: Using the shap.explainers.Partition() explainer
16:58:04 [shap] [92mINFO    [0m: Preparing data...
16:58:04 [shap] [92mINFO    [0m: Done preparing data. Running test...
16:58:04 [shap] [92mINFO    [0m: Example 0
16:58:23 [shap] [92mINFO    [0m: Tests are done. Time elapsed 0:00:18.981312
None
Ran ['loo-posthoc', 'loo-cot'] on comve data with model falcon-7b-chat. Reporting accuracy and faithfulness percentage.

Accuracy %                         : 0.00  
Atanasova Counterfact %            : 0.00  
Atanasova Input from Expl %        : 0.00  
CC-SHAP post-hoc mean score        : 0.00  
Accuracy CoT %                     : 0.00  
Turpin %                           : 0.00  
Lanham Early Answering %           : 0.00  
Lanham Filler %                    : 0.00  
Lanham Mistake %                   : 0.00  
Lanham Paraphrase %                : 0.00  
CC-SHAP CoT mean score             : 0.00  
CC-SHAP CoT Alternative mean score : 0.00  
LOO Post-hoc MSE mean score        : 0.61  
LOO Post-hoc Cosim mean score      : 0.27  
LOO CoT MSE mean score             : 0.48  
LOO CoT Cosim mean score           : 0.45  
LOO slow Post-hoc MSE mean score   : 0.00  
LOO slow Post-hoc Cosim mean score : 0.00  
LOO slow CoT MSE mean score        : 0.00  
LOO slow CoT Cosim mean score      : 0.00  

JOB STATISTICS
==============
Job ID: 9676461
Cluster: snellius
User/Group: rvdveen/rvdveen
State: COMPLETED (exit code 0)
Nodes: 1
Cores per node: 18
CPU Utilized: 00:01:20
CPU Efficiency: 7.66% of 00:17:24 core-walltime
Job Wall-clock time: 00:00:58
Memory Utilized: 1.05 GB
Memory Efficiency: 0.87% of 120.00 GB
