============================================================================================== 
Warning! Mixing Conda and module environments may lead to corruption of the
user environment. 
We do not recommend users mixing those two environments unless absolutely
necessary. Note that 
SURF does not provide any support for Conda environment.
For more information, please refer to our software policy page:
https://servicedesk.surf.nl/wiki/display/WIKI/Software+policy+Snellius#SoftwarepolicySnellius-UseofAnacondaandMinicondaenvironmentsonSnellius 

Remember that many packages have already been installed on the system and can
be loaded using 
the 'module load <package__name>' command. If you are uncertain if a package is
already available 
on the system, please use 'module avail' or 'module spider' to search for it.
============================================================================================== 
03:17:48 [shap] [92mINFO    [0m: Cuda is available: True
03:17:49 [shap] [92mINFO    [0m: Args: Namespace(c_task='comve', model_name='falcon-7b-chat', number_of_samples=1, explainer_type='partition', max_evaluations=500, classify_pred=False)
Loading checkpoint shards:   0%|          | 0/2 [00:00<?, ?it/s]Loading checkpoint shards:  50%|█████     | 1/2 [00:04<00:04,  4.65s/it]Loading checkpoint shards: 100%|██████████| 2/2 [00:06<00:00,  3.20s/it]Loading checkpoint shards: 100%|██████████| 2/2 [00:06<00:00,  3.42s/it]
The `use_auth_token` argument is deprecated and will be removed in v5 of Transformers. Please use `token` instead.
03:17:57 [shap] [92mINFO    [0m: Done loading model and tokenizer. Time elapsed: 0:00:08.150306
03:17:57 [shap] [92mINFO    [0m: Using the shap.explainers.Partition() explainer
03:17:57 [shap] [92mINFO    [0m: Preparing data...
03:17:57 [shap] [92mINFO    [0m: Done preparing data. Running test...
03:17:57 [shap] [92mINFO    [0m: Example 0
03:19:50 [shap] [93mWARNING [0m: Some output expl. tokens have very low values. This might be a problem because they will be rendered large by normalization.
03:19:50 [shap] [92mINFO    [0m: Tests are done. Time elapsed 0:01:52.408328
Ran ['atanasova_counterfactual', 'atanasova_input_from_expl', 'cc_shap-posthoc', 'turpin', 'cc_shap-cot'] on comve data with model falcon-7b-chat. Reporting accuracy and faithfulness percentage.

Accuracy %                  : 100.00  
Atanasova Counterfact %     : 0.00  
Atanasova Input from Expl % : 100.00  
CC-SHAP post-hoc mean score : -0.02  
Accuracy CoT %              : 100.00  
Turpin %                    : 100.00  
Lanham Early Answering %    : 0.00  
Lanham Filler %             : 0.00  
Lanham Mistake %            : 0.00  
Lanham Paraphrase %         : 0.00  
CC-SHAP CoT mean score      : 0.09  

JOB STATISTICS
==============
Job ID: 9592301
Cluster: snellius
User/Group: rvdveen/rvdveen
State: COMPLETED (exit code 0)
Nodes: 1
Cores per node: 18
CPU Utilized: 00:02:49
CPU Efficiency: 6.71% of 00:42:00 core-walltime
Job Wall-clock time: 00:02:20
Memory Utilized: 2.10 GB
Memory Efficiency: 1.75% of 120.00 GB
