============================================================================================== 
Warning! Mixing Conda and module environments may lead to corruption of the
user environment. 
We do not recommend users mixing those two environments unless absolutely
necessary. Note that 
SURF does not provide any support for Conda environment.
For more information, please refer to our software policy page:
https://servicedesk.surf.nl/wiki/display/WIKI/Software+policy+Snellius#SoftwarepolicySnellius-UseofAnacondaandMinicondaenvironmentsonSnellius 

Remember that many packages have already been installed on the system and can
be loaded using 
the 'module load <package__name>' command. If you are uncertain if a package is
already available 
on the system, please use 'module avail' or 'module spider' to search for it.
============================================================================================== 
Failed to load image Python extension: '/gpfs/home2/rvdveen/.conda/envs/fact2/lib/python3.11/site-packages/torchvision/image.so: undefined symbol: _ZN3c1017RegisterOperatorsD1Ev'If you don't plan on using image functionality from `torchvision.io`, you can ignore this warning. Otherwise, there might be something wrong with your environment. Did you have `libjpeg` or `libpng` installed before building `torchvision` from source?
The torchvision.datapoints and torchvision.transforms.v2 namespaces are still Beta. While we do not expect major breaking changes, some APIs may still change according to user feedback. Please submit any feedback you may have in this issue: https://github.com/pytorch/vision/issues/6753, and you can also check out https://github.com/pytorch/vision/issues/7319 to learn more about the APIs that we suspect might involve future changes. You can silence this warning by calling torchvision.disable_beta_transforms_warning().
The torchvision.datapoints and torchvision.transforms.v2 namespaces are still Beta. While we do not expect major breaking changes, some APIs may still change according to user feedback. Please submit any feedback you may have in this issue: https://github.com/pytorch/vision/issues/6753, and you can also check out https://github.com/pytorch/vision/issues/7319 to learn more about the APIs that we suspect might involve future changes. You can silence this warning by calling torchvision.disable_beta_transforms_warning().
23:56:49 [shap] [92mINFO    [0m: Cuda is available: True
23:56:50 [shap] [92mINFO    [0m: Args: Namespace(c_task='comve', model_name='phi3', number_of_samples=100, explainer_type='partition', max_evaluations=500, sen_sim_thres=0.5, classify_pred=False, result_dir='results_json')
Loading checkpoint shards:   0%|          | 0/2 [00:00<?, ?it/s]Loading checkpoint shards:  50%|█████     | 1/2 [00:01<00:01,  1.39s/it]Loading checkpoint shards: 100%|██████████| 2/2 [00:02<00:00,  1.12s/it]Loading checkpoint shards: 100%|██████████| 2/2 [00:02<00:00,  1.16s/it]
23:56:53 [shap] [92mINFO    [0m: Done loading model and tokenizer. Time elapsed: 0:00:02.879979
23:56:53 [shap] [92mINFO    [0m: Using the shap.explainers.Partition() explainer
23:56:53 [shap] [92mINFO    [0m: Preparing data...
23:56:53 [shap] [92mINFO    [0m: Done preparing data. Running test...
23:56:53 [shap] [92mINFO    [0m: Example 0
23:58:02 [shap] [93mWARNING [0m: Some output expl. tokens have very low values. This might be a problem because they will be rendered large by normalization.
23:59:14 [shap] [93mWARNING [0m: Some output expl. tokens have very low values. This might be a problem because they will be rendered large by normalization.
23:59:21 [shap] [92mINFO    [0m: Example 1
00:01:18 [shap] [93mWARNING [0m: Some output expl. tokens have very low values. This might be a problem because they will be rendered large by normalization.
00:01:25 [shap] [92mINFO    [0m: Example 2
00:02:29 [shap] [93mWARNING [0m: Some output expl. tokens have very low values. This might be a problem because they will be rendered large by normalization.
00:03:39 [shap] [93mWARNING [0m: Some output expl. tokens have very low values. This might be a problem because they will be rendered large by normalization.
00:03:46 [shap] [92mINFO    [0m: Example 3
00:05:42 [shap] [93mWARNING [0m: Some output expl. tokens have very low values. This might be a problem because they will be rendered large by normalization.
00:05:48 [shap] [92mINFO    [0m: Example 4
00:07:53 [shap] [93mWARNING [0m: Some output expl. tokens have very low values. This might be a problem because they will be rendered large by normalization.
00:08:01 [shap] [92mINFO    [0m: Example 5
00:09:56 [shap] [93mWARNING [0m: Some output expl. tokens have very low values. This might be a problem because they will be rendered large by normalization.
00:10:03 [shap] [92mINFO    [0m: Example 6
00:10:50 [shap] [93mWARNING [0m: Some output expl. tokens have very low values. This might be a problem because they will be rendered large by normalization.
00:12:00 [shap] [93mWARNING [0m: Some output expl. tokens have very low values. This might be a problem because they will be rendered large by normalization.
00:12:08 [shap] [92mINFO    [0m: Example 7
00:14:08 [shap] [93mWARNING [0m: Some output expl. tokens have very low values. This might be a problem because they will be rendered large by normalization.
00:14:15 [shap] [92mINFO    [0m: Example 8
00:15:11 [shap] [93mWARNING [0m: Some output expl. tokens have very low values. This might be a problem because they will be rendered large by normalization.
00:16:20 [shap] [93mWARNING [0m: Some output expl. tokens have very low values. This might be a problem because they will be rendered large by normalization.
00:16:27 [shap] [92mINFO    [0m: Example 9
00:18:35 [shap] [93mWARNING [0m: Some output expl. tokens have very low values. This might be a problem because they will be rendered large by normalization.
00:18:43 [shap] [92mINFO    [0m: Example 10
00:19:45 [shap] [93mWARNING [0m: Some output expl. tokens have very low values. This might be a problem because they will be rendered large by normalization.
00:20:56 [shap] [93mWARNING [0m: Some output expl. tokens have very low values. This might be a problem because they will be rendered large by normalization.
00:21:03 [shap] [92mINFO    [0m: Example 11
00:22:56 [shap] [93mWARNING [0m: Some output expl. tokens have very low values. This might be a problem because they will be rendered large by normalization.
00:23:04 [shap] [92mINFO    [0m: Example 12
00:25:14 [shap] [93mWARNING [0m: Some output expl. tokens have very low values. This might be a problem because they will be rendered large by normalization.
00:25:22 [shap] [92mINFO    [0m: Example 13
00:27:31 [shap] [93mWARNING [0m: Some output expl. tokens have very low values. This might be a problem because they will be rendered large by normalization.
00:27:39 [shap] [92mINFO    [0m: Example 14
00:29:41 [shap] [93mWARNING [0m: Some output expl. tokens have very low values. This might be a problem because they will be rendered large by normalization.
00:29:48 [shap] [92mINFO    [0m: Example 15
00:31:59 [shap] [93mWARNING [0m: Some output expl. tokens have very low values. This might be a problem because they will be rendered large by normalization.
00:32:07 [shap] [92mINFO    [0m: Example 16
00:34:09 [shap] [93mWARNING [0m: Some output expl. tokens have very low values. This might be a problem because they will be rendered large by normalization.
00:34:17 [shap] [92mINFO    [0m: Example 17
00:36:24 [shap] [93mWARNING [0m: Some output expl. tokens have very low values. This might be a problem because they will be rendered large by normalization.
00:36:32 [shap] [92mINFO    [0m: Example 18
00:38:40 [shap] [93mWARNING [0m: Some output expl. tokens have very low values. This might be a problem because they will be rendered large by normalization.
00:38:47 [shap] [92mINFO    [0m: Example 19
00:39:48 [shap] [93mWARNING [0m: Some output expl. tokens have very low values. This might be a problem because they will be rendered large by normalization.
00:41:01 [shap] [93mWARNING [0m: Some output expl. tokens have very low values. This might be a problem because they will be rendered large by normalization.
00:41:09 [shap] [92mINFO    [0m: Example 20
00:42:11 [shap] [93mWARNING [0m: Some output expl. tokens have very low values. This might be a problem because they will be rendered large by normalization.
00:43:22 [shap] [93mWARNING [0m: Some output expl. tokens have very low values. This might be a problem because they will be rendered large by normalization.
00:43:29 [shap] [92mINFO    [0m: Example 21
00:45:28 [shap] [93mWARNING [0m: Some output expl. tokens have very low values. This might be a problem because they will be rendered large by normalization.
00:45:35 [shap] [92mINFO    [0m: Example 22
00:47:33 [shap] [93mWARNING [0m: Some output expl. tokens have very low values. This might be a problem because they will be rendered large by normalization.
00:47:40 [shap] [92mINFO    [0m: Example 23
00:48:42 [shap] [93mWARNING [0m: Some output expl. tokens have very low values. This might be a problem because they will be rendered large by normalization.
00:49:54 [shap] [93mWARNING [0m: Some output expl. tokens have very low values. This might be a problem because they will be rendered large by normalization.
00:50:01 [shap] [92mINFO    [0m: Example 24
00:51:56 [shap] [93mWARNING [0m: Some output expl. tokens have very low values. This might be a problem because they will be rendered large by normalization.
00:52:03 [shap] [92mINFO    [0m: Example 25
00:54:15 [shap] [93mWARNING [0m: Some output expl. tokens have very low values. This might be a problem because they will be rendered large by normalization.
00:54:22 [shap] [92mINFO    [0m: Example 26
00:56:35 [shap] [93mWARNING [0m: Some output expl. tokens have very low values. This might be a problem because they will be rendered large by normalization.
00:56:43 [shap] [92mINFO    [0m: Example 27
00:58:21 [shap] [92mINFO    [0m: Example 28
00:59:23 [shap] [93mWARNING [0m: Some output expl. tokens have very low values. This might be a problem because they will be rendered large by normalization.
01:00:35 [shap] [93mWARNING [0m: Some output expl. tokens have very low values. This might be a problem because they will be rendered large by normalization.
01:00:42 [shap] [92mINFO    [0m: Example 29
01:01:46 [shap] [93mWARNING [0m: Some output expl. tokens have very low values. This might be a problem because they will be rendered large by normalization.
01:02:56 [shap] [93mWARNING [0m: Some output expl. tokens have very low values. This might be a problem because they will be rendered large by normalization.
01:03:03 [shap] [92mINFO    [0m: Example 30
01:04:05 [shap] [93mWARNING [0m: Some output expl. tokens have very low values. This might be a problem because they will be rendered large by normalization.
01:05:16 [shap] [93mWARNING [0m: Some output expl. tokens have very low values. This might be a problem because they will be rendered large by normalization.
01:05:23 [shap] [92mINFO    [0m: Example 31
01:07:33 [shap] [93mWARNING [0m: Some output expl. tokens have very low values. This might be a problem because they will be rendered large by normalization.
01:07:40 [shap] [92mINFO    [0m: Example 32
01:09:34 [shap] [93mWARNING [0m: Some output expl. tokens have very low values. This might be a problem because they will be rendered large by normalization.
01:09:41 [shap] [92mINFO    [0m: Example 33
01:11:43 [shap] [93mWARNING [0m: Some output expl. tokens have very low values. This might be a problem because they will be rendered large by normalization.
01:11:51 [shap] [92mINFO    [0m: Example 34
01:13:54 [shap] [93mWARNING [0m: Some output expl. tokens have very low values. This might be a problem because they will be rendered large by normalization.
01:14:02 [shap] [92mINFO    [0m: Example 35
01:16:05 [shap] [93mWARNING [0m: Some output expl. tokens have very low values. This might be a problem because they will be rendered large by normalization.
01:16:11 [shap] [92mINFO    [0m: Example 36
01:18:01 [shap] [93mWARNING [0m: Some output expl. tokens have very low values. This might be a problem because they will be rendered large by normalization.
01:18:09 [shap] [92mINFO    [0m: Example 37
01:20:15 [shap] [93mWARNING [0m: Some output expl. tokens have very low values. This might be a problem because they will be rendered large by normalization.
01:20:22 [shap] [92mINFO    [0m: Example 38
01:21:16 [shap] [93mWARNING [0m: Some output expl. tokens have very low values. This might be a problem because they will be rendered large by normalization.
01:22:28 [shap] [93mWARNING [0m: Some output expl. tokens have very low values. This might be a problem because they will be rendered large by normalization.
01:22:36 [shap] [92mINFO    [0m: Example 39
01:23:38 [shap] [93mWARNING [0m: Some output expl. tokens have very low values. This might be a problem because they will be rendered large by normalization.
01:24:50 [shap] [93mWARNING [0m: Some output expl. tokens have very low values. This might be a problem because they will be rendered large by normalization.
01:24:58 [shap] [92mINFO    [0m: Example 40
01:26:03 [shap] [93mWARNING [0m: Some output expl. tokens have very low values. This might be a problem because they will be rendered large by normalization.
01:27:18 [shap] [93mWARNING [0m: Some output expl. tokens have very low values. This might be a problem because they will be rendered large by normalization.
01:27:28 [shap] [92mINFO    [0m: Example 41
01:29:46 [shap] [93mWARNING [0m: Some output expl. tokens have very low values. This might be a problem because they will be rendered large by normalization.
01:29:54 [shap] [92mINFO    [0m: Example 42
01:31:42 [shap] [93mWARNING [0m: Some output expl. tokens have very low values. This might be a problem because they will be rendered large by normalization.
01:31:49 [shap] [92mINFO    [0m: Example 43
01:33:55 [shap] [93mWARNING [0m: Some output expl. tokens have very low values. This might be a problem because they will be rendered large by normalization.
01:34:03 [shap] [92mINFO    [0m: Example 44
01:34:58 [shap] [93mWARNING [0m: Some output expl. tokens have very low values. This might be a problem because they will be rendered large by normalization.
01:36:09 [shap] [93mWARNING [0m: Some output expl. tokens have very low values. This might be a problem because they will be rendered large by normalization.
01:36:17 [shap] [92mINFO    [0m: Example 45
01:38:34 [shap] [93mWARNING [0m: Some output expl. tokens have very low values. This might be a problem because they will be rendered large by normalization.
01:38:42 [shap] [92mINFO    [0m: Example 46
01:41:01 [shap] [93mWARNING [0m: Some output expl. tokens have very low values. This might be a problem because they will be rendered large by normalization.
01:41:10 [shap] [92mINFO    [0m: Example 47
01:42:14 [shap] [93mWARNING [0m: Some output expl. tokens have very low values. This might be a problem because they will be rendered large by normalization.
01:43:27 [shap] [93mWARNING [0m: Some output expl. tokens have very low values. This might be a problem because they will be rendered large by normalization.
01:43:34 [shap] [92mINFO    [0m: Example 48
01:45:40 [shap] [93mWARNING [0m: Some output expl. tokens have very low values. This might be a problem because they will be rendered large by normalization.
01:45:47 [shap] [92mINFO    [0m: Example 49
01:48:00 [shap] [93mWARNING [0m: Some output expl. tokens have very low values. This might be a problem because they will be rendered large by normalization.
01:48:07 [shap] [92mINFO    [0m: Example 50
01:49:11 [shap] [93mWARNING [0m: Some output expl. tokens have very low values. This might be a problem because they will be rendered large by normalization.
01:50:24 [shap] [93mWARNING [0m: Some output expl. tokens have very low values. This might be a problem because they will be rendered large by normalization.
01:50:32 [shap] [92mINFO    [0m: Example 51
01:52:30 [shap] [92mINFO    [0m: Example 52
01:54:25 [shap] [92mINFO    [0m: Example 53
01:55:25 [shap] [93mWARNING [0m: Some output expl. tokens have very low values. This might be a problem because they will be rendered large by normalization.
01:56:37 [shap] [93mWARNING [0m: Some output expl. tokens have very low values. This might be a problem because they will be rendered large by normalization.
01:56:44 [shap] [92mINFO    [0m: Example 54
01:58:55 [shap] [93mWARNING [0m: Some output expl. tokens have very low values. This might be a problem because they will be rendered large by normalization.
01:59:02 [shap] [92mINFO    [0m: Example 55
01:59:57 [shap] [93mWARNING [0m: Some output expl. tokens have very low values. This might be a problem because they will be rendered large by normalization.
02:01:01 [shap] [93mWARNING [0m: Some output expl. tokens have very low values. This might be a problem because they will be rendered large by normalization.
02:01:08 [shap] [92mINFO    [0m: Example 56
02:03:22 [shap] [93mWARNING [0m: Some output expl. tokens have very low values. This might be a problem because they will be rendered large by normalization.
02:03:30 [shap] [92mINFO    [0m: Example 57
02:05:40 [shap] [93mWARNING [0m: Some output expl. tokens have very low values. This might be a problem because they will be rendered large by normalization.
02:05:47 [shap] [92mINFO    [0m: Example 58
02:08:00 [shap] [93mWARNING [0m: Some output expl. tokens have very low values. This might be a problem because they will be rendered large by normalization.
02:08:07 [shap] [92mINFO    [0m: Example 59
02:10:04 [shap] [93mWARNING [0m: Some output expl. tokens have very low values. This might be a problem because they will be rendered large by normalization.
02:10:12 [shap] [92mINFO    [0m: Example 60
02:12:30 [shap] [93mWARNING [0m: Some output expl. tokens have very low values. This might be a problem because they will be rendered large by normalization.
02:12:38 [shap] [92mINFO    [0m: Example 61
02:14:52 [shap] [93mWARNING [0m: Some output expl. tokens have very low values. This might be a problem because they will be rendered large by normalization.
02:15:00 [shap] [92mINFO    [0m: Example 62
02:17:14 [shap] [93mWARNING [0m: Some output expl. tokens have very low values. This might be a problem because they will be rendered large by normalization.
02:17:22 [shap] [92mINFO    [0m: Example 63
02:19:23 [shap] [93mWARNING [0m: Some output expl. tokens have very low values. This might be a problem because they will be rendered large by normalization.
02:19:30 [shap] [92mINFO    [0m: Example 64
02:21:37 [shap] [93mWARNING [0m: Some output expl. tokens have very low values. This might be a problem because they will be rendered large by normalization.
02:21:45 [shap] [92mINFO    [0m: Example 65
02:24:03 [shap] [93mWARNING [0m: Some output expl. tokens have very low values. This might be a problem because they will be rendered large by normalization.
02:24:11 [shap] [92mINFO    [0m: Example 66
02:26:09 [shap] [93mWARNING [0m: Some output expl. tokens have very low values. This might be a problem because they will be rendered large by normalization.
02:26:16 [shap] [92mINFO    [0m: Example 67
02:27:15 [shap] [93mWARNING [0m: Some output expl. tokens have very low values. This might be a problem because they will be rendered large by normalization.
02:28:25 [shap] [93mWARNING [0m: Some output expl. tokens have very low values. This might be a problem because they will be rendered large by normalization.
02:28:32 [shap] [92mINFO    [0m: Example 68
02:30:32 [shap] [93mWARNING [0m: Some output expl. tokens have very low values. This might be a problem because they will be rendered large by normalization.
02:30:40 [shap] [92mINFO    [0m: Example 69
02:32:52 [shap] [93mWARNING [0m: Some output expl. tokens have very low values. This might be a problem because they will be rendered large by normalization.
02:32:59 [shap] [92mINFO    [0m: Example 70
02:33:50 [shap] [93mWARNING [0m: Some output expl. tokens have very low values. This might be a problem because they will be rendered large by normalization.
02:34:58 [shap] [93mWARNING [0m: Some output expl. tokens have very low values. This might be a problem because they will be rendered large by normalization.
02:35:06 [shap] [92mINFO    [0m: Example 71
02:35:58 [shap] [93mWARNING [0m: Some output expl. tokens have very low values. This might be a problem because they will be rendered large by normalization.
02:37:08 [shap] [93mWARNING [0m: Some output expl. tokens have very low values. This might be a problem because they will be rendered large by normalization.
02:37:15 [shap] [92mINFO    [0m: Example 72
02:39:28 [shap] [93mWARNING [0m: Some output expl. tokens have very low values. This might be a problem because they will be rendered large by normalization.
02:39:35 [shap] [92mINFO    [0m: Example 73
02:41:24 [shap] [93mWARNING [0m: Some output expl. tokens have very low values. This might be a problem because they will be rendered large by normalization.
02:41:30 [shap] [92mINFO    [0m: Example 74
02:43:39 [shap] [93mWARNING [0m: Some output expl. tokens have very low values. This might be a problem because they will be rendered large by normalization.
02:43:47 [shap] [92mINFO    [0m: Example 75
02:44:51 [shap] [93mWARNING [0m: Some output expl. tokens have very low values. This might be a problem because they will be rendered large by normalization.
02:46:01 [shap] [93mWARNING [0m: Some output expl. tokens have very low values. This might be a problem because they will be rendered large by normalization.
02:46:08 [shap] [92mINFO    [0m: Example 76
02:47:12 [shap] [93mWARNING [0m: Some output expl. tokens have very low values. This might be a problem because they will be rendered large by normalization.
02:48:26 [shap] [93mWARNING [0m: Some output expl. tokens have very low values. This might be a problem because they will be rendered large by normalization.
02:48:34 [shap] [92mINFO    [0m: Example 77
02:49:35 [shap] [93mWARNING [0m: Some output expl. tokens have very low values. This might be a problem because they will be rendered large by normalization.
02:50:46 [shap] [93mWARNING [0m: Some output expl. tokens have very low values. This might be a problem because they will be rendered large by normalization.
02:50:54 [shap] [92mINFO    [0m: Example 78
02:52:58 [shap] [92mINFO    [0m: Example 79
02:55:06 [shap] [93mWARNING [0m: Some output expl. tokens have very low values. This might be a problem because they will be rendered large by normalization.
02:55:14 [shap] [92mINFO    [0m: Example 80
02:57:15 [shap] [93mWARNING [0m: Some output expl. tokens have very low values. This might be a problem because they will be rendered large by normalization.
02:57:22 [shap] [92mINFO    [0m: Example 81
02:59:32 [shap] [93mWARNING [0m: Some output expl. tokens have very low values. This might be a problem because they will be rendered large by normalization.
02:59:41 [shap] [92mINFO    [0m: Example 82
03:00:42 [shap] [93mWARNING [0m: Some output expl. tokens have very low values. This might be a problem because they will be rendered large by normalization.
03:01:51 [shap] [93mWARNING [0m: Some output expl. tokens have very low values. This might be a problem because they will be rendered large by normalization.
03:01:58 [shap] [92mINFO    [0m: Example 83
03:03:52 [shap] [93mWARNING [0m: Some output expl. tokens have very low values. This might be a problem because they will be rendered large by normalization.
03:03:59 [shap] [92mINFO    [0m: Example 84
03:06:14 [shap] [93mWARNING [0m: Some output expl. tokens have very low values. This might be a problem because they will be rendered large by normalization.
03:06:21 [shap] [92mINFO    [0m: Example 85
03:08:18 [shap] [93mWARNING [0m: Some output expl. tokens have very low values. This might be a problem because they will be rendered large by normalization.
03:08:26 [shap] [92mINFO    [0m: Example 86
03:10:37 [shap] [93mWARNING [0m: Some output expl. tokens have very low values. This might be a problem because they will be rendered large by normalization.
03:10:45 [shap] [92mINFO    [0m: Example 87
03:11:38 [shap] [93mWARNING [0m: Some output expl. tokens have very low values. This might be a problem because they will be rendered large by normalization.
03:12:52 [shap] [93mWARNING [0m: Some output expl. tokens have very low values. This might be a problem because they will be rendered large by normalization.
03:13:00 [shap] [92mINFO    [0m: Example 88
03:14:00 [shap] [93mWARNING [0m: Some output expl. tokens have very low values. This might be a problem because they will be rendered large by normalization.
03:15:11 [shap] [93mWARNING [0m: Some output expl. tokens have very low values. This might be a problem because they will be rendered large by normalization.
03:15:19 [shap] [92mINFO    [0m: Example 89
03:17:18 [shap] [93mWARNING [0m: Some output expl. tokens have very low values. This might be a problem because they will be rendered large by normalization.
03:17:26 [shap] [92mINFO    [0m: Example 90
03:19:25 [shap] [93mWARNING [0m: Some output expl. tokens have very low values. This might be a problem because they will be rendered large by normalization.
03:19:32 [shap] [92mINFO    [0m: Example 91
03:21:46 [shap] [93mWARNING [0m: Some output expl. tokens have very low values. This might be a problem because they will be rendered large by normalization.
03:21:54 [shap] [92mINFO    [0m: Example 92
03:23:51 [shap] [93mWARNING [0m: Some output expl. tokens have very low values. This might be a problem because they will be rendered large by normalization.
03:23:58 [shap] [92mINFO    [0m: Example 93
03:26:04 [shap] [93mWARNING [0m: Some output expl. tokens have very low values. This might be a problem because they will be rendered large by normalization.
03:26:11 [shap] [92mINFO    [0m: Example 94
03:28:19 [shap] [93mWARNING [0m: Some output expl. tokens have very low values. This might be a problem because they will be rendered large by normalization.
03:28:28 [shap] [92mINFO    [0m: Example 95
03:30:23 [shap] [93mWARNING [0m: Some output expl. tokens have very low values. This might be a problem because they will be rendered large by normalization.
03:30:30 [shap] [92mINFO    [0m: Example 96
03:31:32 [shap] [93mWARNING [0m: Some output expl. tokens have very low values. This might be a problem because they will be rendered large by normalization.
03:32:43 [shap] [93mWARNING [0m: Some output expl. tokens have very low values. This might be a problem because they will be rendered large by normalization.
03:32:51 [shap] [92mINFO    [0m: Example 97
03:35:03 [shap] [93mWARNING [0m: Some output expl. tokens have very low values. This might be a problem because they will be rendered large by normalization.
03:35:09 [shap] [92mINFO    [0m: Example 98
03:37:07 [shap] [93mWARNING [0m: Some output expl. tokens have very low values. This might be a problem because they will be rendered large by normalization.
03:37:14 [shap] [92mINFO    [0m: Example 99
03:38:17 [shap] [93mWARNING [0m: Some output expl. tokens have very low values. This might be a problem because they will be rendered large by normalization.
03:39:29 [shap] [93mWARNING [0m: Some output expl. tokens have very low values. This might be a problem because they will be rendered large by normalization.
03:39:37 [shap] [92mINFO    [0m: Tests are done. Time elapsed 3:42:43.671460
Ran ['atanasova_counterfactual', 'atanasova_input_from_expl', 'cc_shap-posthoc', 'turpin', 'cc_shap-cot', 'loo-posthoc', 'loo-cot'] on comve data with model phi3. Reporting accuracy and faithfulness percentage.

Accuracy %                    : 96.00  
Atanasova Counterfact %       : 78.00  
Atanasova Input from Expl %   : 49.00  
CC-SHAP post-hoc mean score   : 0.12  
Accuracy CoT %                : 96.00  
Turpin %                      : 97.00  
Lanham Early Answering %      : 0.00  
Lanham Filler %               : 0.00  
Lanham Mistake %              : 0.00  
Lanham Paraphrase %           : 0.00  
CC-SHAP CoT mean score        : 0.05  
LOO Post-hoc MSE mean score   : 0.49  
LOO Post-hoc Cosim mean score : 0.06  
LOO CoT MSE mean score        : 0.49  
LOO CoT Cosim mean score      : 0.07  

JOB STATISTICS
==============
Job ID: 9637885
Cluster: snellius
User/Group: rvdveen/rvdveen
State: COMPLETED (exit code 0)
Nodes: 1
Cores per node: 9
CPU Utilized: 03:42:32
CPU Efficiency: 11.08% of 1-09:28:48 core-walltime
Job Wall-clock time: 03:43:12
Memory Utilized: 2.08 GB
Memory Efficiency: 3.47% of 60.00 GB
